Using pre-set license
Built from '2020.3/staging' branch; Version is '2020.3.20f1 (41c4e627c95f) revision 4310246'; Using compiler version '192528614'; Build Type 'Release'
OS: 'Windows 10 Pro; OS build 19042.1200; Version 2009; 64bit' Language: 'ko' Physical Memory: 16293 MB
BatchMode: 1, IsHumanControllingUs: 0, StartBugReporterOnCrash: 0, Is64bit: 1, IsPro: 0

COMMAND LINE ARGUMENTS:
C:\Program Files\Unity\Hub\Editor\2020.3.20f1\Editor\Unity.exe
-adb2
-batchMode
-noUpm
-name
AssetImportWorker0
-projectPath
C:/Users/admin/Documents/GitHub/Realunity/My3DProject
-logFile
Logs/AssetImportWorker0.log
-srvPort
56400
Successfully changed project path to: C:/Users/admin/Documents/GitHub/Realunity/My3DProject
C:/Users/admin/Documents/GitHub/Realunity/My3DProject
Using Asset Import Pipeline V2.
Refreshing native plugins compatible for Editor in 22.27 ms, found 2 plugins.
Preloading 0 native plugins for Editor in 0.00 ms.
Initialize engine version: 2020.3.20f1 (41c4e627c95f)
[Subsystems] Discovering subsystems at path C:/Program Files/Unity/Hub/Editor/2020.3.20f1/Editor/Data/Resources/UnitySubsystems
[Subsystems] Discovering subsystems at path C:/Users/admin/Documents/GitHub/Realunity/My3DProject/Assets
GfxDevice: creating device client; threaded=0
Direct3D:
    Version:  Direct3D 11.0 [level 11.1]
    Renderer: NVIDIA GeForce GTX 1660 (ID=0x2184)
    Vendor:   
    VRAM:     5991 MB
    Driver:   27.21.14.6663
Initialize mono
Mono path[0] = 'C:/Program Files/Unity/Hub/Editor/2020.3.20f1/Editor/Data/Managed'
Mono path[1] = 'C:/Program Files/Unity/Hub/Editor/2020.3.20f1/Editor/Data/MonoBleedingEdge/lib/mono/unityjit'
Mono config path = 'C:/Program Files/Unity/Hub/Editor/2020.3.20f1/Editor/Data/MonoBleedingEdge/etc'
Using monoOptions --debugger-agent=transport=dt_socket,embedding=1,server=y,suspend=n,address=127.0.0.1:56264
Begin MonoManager ReloadAssembly
Registering precompiled unity dll's ...
Register platform support module: C:/Program Files/Unity/Hub/Editor/2020.3.20f1/Editor/Data/PlaybackEngines/WindowsStandaloneSupport/UnityEditor.WindowsStandalone.Extensions.dll
Registered in 0.000711 seconds.
Native extension for WindowsStandalone target not found
Refreshing native plugins compatible for Editor in 23.03 ms, found 2 plugins.
Preloading 0 native plugins for Editor in 0.00 ms.
Mono: successfully reloaded assembly
- Completed reload, in  0.691 seconds
Domain Reload Profiling:
	ReloadAssembly (691ms)
		BeginReloadAssembly (36ms)
			ExecutionOrderSort (0ms)
			DisableScriptedObjects (0ms)
			BackupInstance (0ms)
			ReleaseScriptingObjects (0ms)
			CreateAndSetChildDomain (1ms)
		EndReloadAssembly (312ms)
			LoadAssemblies (35ms)
			RebuildTransferFunctionScriptingTraits (0ms)
			SetupTypeCache (119ms)
			ReleaseScriptCaches (0ms)
			RebuildScriptCaches (24ms)
			SetupLoadedEditorAssemblies (118ms)
				LogAssemblyErrors (0ms)
				InitializePlatformSupportModulesInManaged (3ms)
				SetLoadedEditorAssemblies (0ms)
				RefreshPlugins (23ms)
				BeforeProcessingInitializeOnLoad (13ms)
				ProcessInitializeOnLoadAttributes (59ms)
				ProcessInitializeOnLoadMethodAttributes (21ms)
				AfterProcessingInitializeOnLoad (0ms)
				EditorAssembliesLoaded (0ms)
			ExecutionOrderSort2 (0ms)
			AwakeInstancesAfterBackupRestoration (0ms)
Platform modules already initialized, skipping
Registering precompiled user dll's ...
Registered in 0.001202 seconds.
Begin MonoManager ReloadAssembly
Native extension for WindowsStandalone target not found
Refreshing native plugins compatible for Editor in 0.29 ms, found 2 plugins.
Preloading 0 native plugins for Editor in 0.00 ms.
Mono: successfully reloaded assembly
- Completed reload, in  0.732 seconds
Domain Reload Profiling:
	ReloadAssembly (732ms)
		BeginReloadAssembly (107ms)
			ExecutionOrderSort (0ms)
			DisableScriptedObjects (4ms)
			BackupInstance (0ms)
			ReleaseScriptingObjects (0ms)
			CreateAndSetChildDomain (14ms)
		EndReloadAssembly (583ms)
			LoadAssemblies (58ms)
			RebuildTransferFunctionScriptingTraits (0ms)
			SetupTypeCache (200ms)
			ReleaseScriptCaches (0ms)
			RebuildScriptCaches (32ms)
			SetupLoadedEditorAssemblies (221ms)
				LogAssemblyErrors (0ms)
				InitializePlatformSupportModulesInManaged (4ms)
				SetLoadedEditorAssemblies (0ms)
				RefreshPlugins (0ms)
				BeforeProcessingInitializeOnLoad (55ms)
				ProcessInitializeOnLoadAttributes (156ms)
				ProcessInitializeOnLoadMethodAttributes (4ms)
				AfterProcessingInitializeOnLoad (2ms)
				EditorAssembliesLoaded (0ms)
			ExecutionOrderSort2 (0ms)
			AwakeInstancesAfterBackupRestoration (5ms)
Platform modules already initialized, skipping
========================================================================
Worker process is ready to serve import requests
Launched and connected shader compiler UnityShaderCompiler.exe after 0.03 seconds
Refreshing native plugins compatible for Editor in 0.45 ms, found 2 plugins.
Preloading 0 native plugins for Editor in 0.00 ms.
Unloading 1421 Unused Serialized files (Serialized files now loaded: 0)
System memory in use before: 84.8 MB.
System memory in use after: 84.9 MB.

Unloading 16 unused Assets to reduce memory usage. Loaded Objects now: 1879.
Total: 3.637200 ms (FindLiveObjects: 0.275100 ms CreateObjectMapping: 0.102700 ms MarkObjects: 3.165500 ms  DeleteObjects: 0.092700 ms)

AssetImportParameters requested are different than current active one (requested -> active):
  custom:framework-win-MediaFoundation: 216162199b28c13a410421893ffa2e32 -> 
  custom:video-decoder-ogg-theora: a1e56fd34408186e4bbccfd4996cb3dc -> 
  custom:container-muxer-webm: aa71ff27fc2769a1b78a27578f13a17b -> 
  custom:container-demuxer-webm: 4f35f7cbe854078d1ac9338744f61a02 -> 
  custom:container-demuxer-ogg: 62fdf1f143b41e24485cea50d1cbac27 -> 
  custom:video-encoder-webm-vp8: eb34c28f22e8b96e1ab97ce403110664 -> 
  custom:video-decoder-webm-vp8: 9c59270c3fd7afecdb556c50c9e8de78 -> 
  custom:audio-decoder-ogg-vorbis: bf7c407c2cedff20999df2af8eb42d56 -> 
  custom:audio-encoder-webm-vorbis: bf7c407c2cedff20999df2af8eb42d56 -> 
========================================================================
Received Import Request.
  path: Assets/Chap7/NewLayer 1.terrainlayer
  artifactKey: Guid(e53e06f535c91b34a97cb6070c547e7b) Importer(815301076,1909f56bfc062723c751e8b465ee728b)
Start importing Assets/Chap7/NewLayer 1.terrainlayer using Guid(e53e06f535c91b34a97cb6070c547e7b) Importer(815301076,1909f56bfc062723c751e8b465ee728b)  -> (artifact id: 'ac616195031b102f4cdb4428414e2a92') in 0.061430 seconds 
  Import took 0.064020 seconds .

========================================================================
Received Import Request.
  Time since last request: 0.000253 seconds.
  path: Assets/Chap7/NewLayer.terrainlayer
  artifactKey: Guid(bf987654a4b7b6247bb742311e29908c) Importer(815301076,1909f56bfc062723c751e8b465ee728b)
Start importing Assets/Chap7/NewLayer.terrainlayer using Guid(bf987654a4b7b6247bb742311e29908c) Importer(815301076,1909f56bfc062723c751e8b465ee728b)  -> (artifact id: 'f52077e59d496de9a85c2c9aca93bf06') in 0.006533 seconds 
  Import took 0.008729 seconds .

========================================================================
Received Import Request.
  Time since last request: 5.437422 seconds.
  path: Assets/Chap7/SampleScene.unity
  artifactKey: Guid(9fc0d4010bbf28b4594072e72b8655ab) Importer(815301076,1909f56bfc062723c751e8b465ee728b)
Start importing Assets/Chap7/SampleScene.unity using Guid(9fc0d4010bbf28b4594072e72b8655ab) Importer(815301076,1909f56bfc062723c751e8b465ee728b)  -> (artifact id: '3bc11de3bb79cc8e77a731723c1d5a57') in 0.001199 seconds 
  Import took 0.004992 seconds .

========================================================================
Received Import Request.
  Time since last request: 3.722304 seconds.
  path: Assets/Chap7/Code
  artifactKey: Guid(90c45ed63e2c56542abcd09cd444ecf1) Importer(815301076,1909f56bfc062723c751e8b465ee728b)
Start importing Assets/Chap7/Code using Guid(90c45ed63e2c56542abcd09cd444ecf1) Importer(815301076,1909f56bfc062723c751e8b465ee728b)  -> (artifact id: 'b228978f630e976e73da4afa1a91c355') in 0.000820 seconds 
  Import took 0.002847 seconds .

========================================================================
Received Import Request.
  Time since last request: 17.605398 seconds.
  path: Assets/Chap7/Code/BamsongGenerator.cs
  artifactKey: Guid(837ccc5d629d55e4bbc701818a7c2e80) Importer(815301076,1909f56bfc062723c751e8b465ee728b)
Start importing Assets/Chap7/Code/BamsongGenerator.cs using Guid(837ccc5d629d55e4bbc701818a7c2e80) Importer(815301076,1909f56bfc062723c751e8b465ee728b)  -> (artifact id: '8c8f46784ca670d904b684a87cf9a332') in 0.002062 seconds 
  Import took 0.006357 seconds .

========================================================================
Received Import Request.
  Time since last request: 1.277776 seconds.
  path: Assets/Chap7/Code/BamsongCotroller.cs
  artifactKey: Guid(8a8eb99ca387f8d4c86aa251405d5f47) Importer(815301076,1909f56bfc062723c751e8b465ee728b)
Start importing Assets/Chap7/Code/BamsongCotroller.cs using Guid(8a8eb99ca387f8d4c86aa251405d5f47) Importer(815301076,1909f56bfc062723c751e8b465ee728b)  -> (artifact id: '1be96f681d22545e259f6a14c5202132') in 0.000884 seconds 
  Import took 0.002748 seconds .

========================================================================
Received Import Request.
  Time since last request: 1.326053 seconds.
  path: Assets/Chap7/Code/CubeController.cs
  artifactKey: Guid(a334d8715c7bf9048ae442a3958ef41b) Importer(815301076,1909f56bfc062723c751e8b465ee728b)
Start importing Assets/Chap7/Code/CubeController.cs using Guid(a334d8715c7bf9048ae442a3958ef41b) Importer(815301076,1909f56bfc062723c751e8b465ee728b)  -> (artifact id: 'dd8ce7ff70e8e8f82028d94220939c8c') in 0.000883 seconds 
  Import took 0.004799 seconds .

========================================================================
Received Import Request.
  Time since last request: 0.688986 seconds.
  path: Assets/Chap7/Code/CubeGenerator.cs
  artifactKey: Guid(7337d6004e2cbdb42860fd35955c46d5) Importer(815301076,1909f56bfc062723c751e8b465ee728b)
Start importing Assets/Chap7/Code/CubeGenerator.cs using Guid(7337d6004e2cbdb42860fd35955c46d5) Importer(815301076,1909f56bfc062723c751e8b465ee728b)  -> (artifact id: 'd2550afb1cf3ee95373fd7aa47d0dab8') in 0.000900 seconds 
  Import took 0.002799 seconds .

========================================================================
Received Import Request.
  Time since last request: 152.198982 seconds.
  path: Assets/Chap7/Prefab
  artifactKey: Guid(9838ab7b206859d4a9c1a1406fec8eb7) Importer(815301076,1909f56bfc062723c751e8b465ee728b)
Start importing Assets/Chap7/Prefab using Guid(9838ab7b206859d4a9c1a1406fec8eb7) Importer(815301076,1909f56bfc062723c751e8b465ee728b)  -> (artifact id: '442256215f1091df9824ab4aa63b5177') in 0.001107 seconds 
  Import took 0.003057 seconds .

========================================================================
Received Import Request.
  Time since last request: 0.038082 seconds.
  path: Assets/Chap7/Prefab/bamsongi.prefab
  artifactKey: Guid(6274fd457f4ad7e43988484d5c627729) Importer(815301076,1909f56bfc062723c751e8b465ee728b)
Start importing Assets/Chap7/Prefab/bamsongi.prefab using Guid(6274fd457f4ad7e43988484d5c627729) Importer(815301076,1909f56bfc062723c751e8b465ee728b)  -> (artifact id: '6a56894ec14af6d6ca785986818c2acd') in 0.036931 seconds 
  Import took 0.039048 seconds .

========================================================================
Received Import Request.
  Time since last request: 0.000212 seconds.
  path: Assets/Chap7/Prefab/Cube.prefab
  artifactKey: Guid(e40331673aa46bd4384508e742bec324) Importer(815301076,1909f56bfc062723c751e8b465ee728b)
Start importing Assets/Chap7/Prefab/Cube.prefab using Guid(e40331673aa46bd4384508e742bec324) Importer(815301076,1909f56bfc062723c751e8b465ee728b)  -> (artifact id: '089cd69207d26ba1abace786530de4fa') in 0.006695 seconds 
  Import took 0.008713 seconds .

AssetImportWorkerClient::OnTransportError - code=2 error=End of file
